# JRE version: OpenJDK Runtime Environment (8.0_76-b03) (build 1.8.0_76-release-b03)
# Java VM: OpenJDK 64-Bit Server VM (25.76-b03 mixed mode linux-amd64 compressed oops)
Heap:
 PSYoungGen      total 882176K, used 143859K [0x000000076ab00000, 0x00000007b1a00000, 0x00000007c0000000)
  eden space 738304K, 0% used [0x000000076ab00000,0x000000076ab00000,0x0000000797c00000)
  from space 143872K, 99% used [0x00000007a8d80000,0x00000007b19fcec0,0x00000007b1a00000)
  to   space 100864K, 0% used [0x0000000797c00000,0x0000000797c00000,0x000000079de80000)
 ParOldGen       total 254464K, used 250416K [0x00000006c0000000, 0x00000006cf880000, 0x000000076ab00000)
  object space 254464K, 98% used [0x00000006c0000000,0x00000006cf48c018,0x00000006cf880000)
 Metaspace       used 6549K, capacity 7280K, committed 7552K, reserved 1056768K
  class space    used 596K, capacity 616K, committed 640K, reserved 1048576K
GC Heap History (10 events):
Event: 3,818 GC heap after
Heap after GC invocations=6 (full 0):
 PSYoungGen      total 425472K, used 34321K [0x000000076ab00000, 0x0000000788400000, 0x00000007c0000000)
  eden space 383488K, 0% used [0x000000076ab00000,0x000000076ab00000,0x0000000782180000)
  from space 41984K, 81% used [0x0000000785000000,0x0000000787184400,0x0000000787900000)
  to   space 47616K, 0% used [0x0000000782180000,0x0000000782180000,0x0000000785000000)
 ParOldGen       total 128512K, used 54932K [0x00000006c0000000, 0x00000006c7d80000, 0x000000076ab00000)
  object space 128512K, 42% used [0x00000006c0000000,0x00000006c35a51c8,0x00000006c7d80000)
 Metaspace       used 6437K, capacity 7216K, committed 7296K, reserved 1056768K
  class space    used 594K, capacity 616K, committed 640K, reserved 1048576K
}
Event: 4,965 GC heap before
{Heap before GC invocations=7 (full 0):
 PSYoungGen      total 425472K, used 417809K [0x000000076ab00000, 0x0000000788400000, 0x00000007c0000000)
  eden space 383488K, 100% used [0x000000076ab00000,0x0000000782180000,0x0000000782180000)
  from space 41984K, 81% used [0x0000000785000000,0x0000000787184400,0x0000000787900000)
  to   space 47616K, 0% used [0x0000000782180000,0x0000000782180000,0x0000000785000000)
 ParOldGen       total 128512K, used 54932K [0x00000006c0000000, 0x00000006c7d80000, 0x000000076ab00000)
  object space 128512K, 42% used [0x00000006c0000000,0x00000006c35a51c8,0x00000006c7d80000)
 Metaspace       used 6490K, capacity 7216K, committed 7296K, reserved 1056768K
  class space    used 594K, capacity 616K, committed 640K, reserved 1048576K
Event: 5,127 GC heap after
Heap after GC invocations=7 (full 0):
 PSYoungGen      total 431104K, used 47591K [0x000000076ab00000, 0x00000007a2500000, 0x00000007c0000000)
  eden space 383488K, 0% used [0x000000076ab00000,0x000000076ab00000,0x0000000782180000)
  from space 47616K, 99% used [0x0000000782180000,0x0000000784ff9da8,0x0000000785000000)
  to   space 72192K, 0% used [0x000000079de80000,0x000000079de80000,0x00000007a2500000)
 ParOldGen       total 128512K, used 83849K [0x00000006c0000000, 0x00000006c7d80000, 0x000000076ab00000)
  object space 128512K, 65% used [0x00000006c0000000,0x00000006c51e26d0,0x00000006c7d80000)
 Metaspace       used 6490K, capacity 7216K, committed 7296K, reserved 1056768K
  class space    used 594K, capacity 616K, committed 640K, reserved 1048576K
}
Event: 6,515 GC heap before
{Heap before GC invocations=8 (full 0):
 PSYoungGen      total 431104K, used 431079K [0x000000076ab00000, 0x00000007a2500000, 0x00000007c0000000)
  eden space 383488K, 100% used [0x000000076ab00000,0x0000000782180000,0x0000000782180000)
  from space 47616K, 99% used [0x0000000782180000,0x0000000784ff9da8,0x0000000785000000)
  to   space 72192K, 0% used [0x000000079de80000,0x000000079de80000,0x00000007a2500000)
 ParOldGen       total 128512K, used 83849K [0x00000006c0000000, 0x00000006c7d80000, 0x000000076ab00000)
  object space 128512K, 65% used [0x00000006c0000000,0x00000006c51e26d0,0x00000006c7d80000)
 Metaspace       used 6507K, capacity 7280K, committed 7552K, reserved 1056768K
  class space    used 595K, capacity 616K, committed 640K, reserved 1048576K
Event: 6,744 GC heap after
Heap after GC invocations=8 (full 0):
 PSYoungGen      total 810496K, used 72163K [0x000000076ab00000, 0x00000007a5d00000, 0x00000007c0000000)
  eden space 738304K, 0% used [0x000000076ab00000,0x000000076ab00000,0x0000000797c00000)
  from space 72192K, 99% used [0x000000079de80000,0x00000007a24f8d68,0x00000007a2500000)
  to   space 100864K, 0% used [0x0000000797c00000,0x0000000797c00000,0x000000079de80000)
 ParOldGen       total 128512K, used 117352K [0x00000006c0000000, 0x00000006c7d80000, 0x000000076ab00000)
  object space 128512K, 91% used [0x00000006c0000000,0x00000006c729a380,0x00000006c7d80000)
 Metaspace       used 6507K, capacity 7280K, committed 7552K, reserved 1056768K
  class space    used 595K, capacity 616K, committed 640K, reserved 1048576K
}
Event: 6,744 GC heap before
{Heap before GC invocations=9 (full 1):
 PSYoungGen      total 810496K, used 72163K [0x000000076ab00000, 0x00000007a5d00000, 0x00000007c0000000)
  eden space 738304K, 0% used [0x000000076ab00000,0x000000076ab00000,0x0000000797c00000)
  from space 72192K, 99% used [0x000000079de80000,0x00000007a24f8d68,0x00000007a2500000)
  to   space 100864K, 0% used [0x0000000797c00000,0x0000000797c00000,0x000000079de80000)
 ParOldGen       total 128512K, used 117352K [0x00000006c0000000, 0x00000006c7d80000, 0x000000076ab00000)
  object space 128512K, 91% used [0x00000006c0000000,0x00000006c729a380,0x00000006c7d80000)
 Metaspace       used 6507K, capacity 7280K, committed 7552K, reserved 1056768K
  class space    used 595K, capacity 616K, committed 640K, reserved 1048576K
Event: 8,424 GC heap after
Heap after GC invocations=9 (full 1):
 PSYoungGen      total 810496K, used 54068K [0x000000076ab00000, 0x00000007a5d00000, 0x00000007c0000000)
  eden space 738304K, 0% used [0x000000076ab00000,0x000000076ab00000,0x0000000797c00000)
  from space 72192K, 74% used [0x000000079de80000,0x00000007a134d358,0x00000007a2500000)
  to   space 100864K, 0% used [0x0000000797c00000,0x0000000797c00000,0x000000079de80000)
 ParOldGen       total 254464K, used 128447K [0x00000006c0000000, 0x00000006cf880000, 0x000000076ab00000)
  object space 254464K, 50% used [0x00000006c0000000,0x00000006c7d6ffd0,0x00000006cf880000)
 Metaspace       used 6507K, capacity 7280K, committed 7552K, reserved 1056768K
  class space    used 595K, capacity 616K, committed 640K, reserved 1048576K
}
Event: 11,036 GC heap before
{Heap before GC invocations=10 (full 1):
 PSYoungGen      total 810496K, used 792372K [0x000000076ab00000, 0x00000007a5d00000, 0x00000007c0000000)
  eden space 738304K, 100% used [0x000000076ab00000,0x0000000797c00000,0x0000000797c00000)
  from space 72192K, 74% used [0x000000079de80000,0x00000007a134d358,0x00000007a2500000)
  to   space 100864K, 0% used [0x0000000797c00000,0x0000000797c00000,0x000000079de80000)
 ParOldGen       total 254464K, used 128447K [0x00000006c0000000, 0x00000006cf880000, 0x000000076ab00000)
  object space 254464K, 50% used [0x00000006c0000000,0x00000006c7d6ffd0,0x00000006cf880000)
 Metaspace       used 6533K, capacity 7280K, committed 7552K, reserved 1056768K
  class space    used 595K, capacity 616K, committed 640K, reserved 1048576K
Event: 11,416 GC heap after
Heap after GC invocations=10 (full 1):
 PSYoungGen      total 839168K, used 100835K [0x000000076ab00000, 0x00000007b1a00000, 0x00000007c0000000)
  eden space 738304K, 0% used [0x000000076ab00000,0x000000076ab00000,0x0000000797c00000)
  from space 100864K, 99% used [0x0000000797c00000,0x000000079de78ee8,0x000000079de80000)
  to   space 143872K, 0% used [0x00000007a8d80000,0x00000007a8d80000,0x00000007b1a00000)
 ParOldGen       total 254464K, used 189522K [0x00000006c0000000, 0x00000006cf880000, 0x000000076ab00000)
  object space 254464K, 74% used [0x00000006c0000000,0x00000006cb914b60,0x00000006cf880000)
 Metaspace       used 6533K, capacity 7280K, committed 7552K, reserved 1056768K
  class space    used 595K, capacity 616K, committed 640K, reserved 1048576K
}
Event: 13,466 GC heap before
{Heap before GC invocations=11 (full 1):
 PSYoungGen      total 839168K, used 839139K [0x000000076ab00000, 0x00000007b1a00000, 0x00000007c0000000)
  eden space 738304K, 100% used [0x000000076ab00000,0x0000000797c00000,0x0000000797c00000)
  from space 100864K, 99% used [0x0000000797c00000,0x000000079de78ee8,0x000000079de80000)
  to   space 143872K, 0% used [0x00000007a8d80000,0x00000007a8d80000,0x00000007b1a00000)
 ParOldGen       total 254464K, used 189522K [0x00000006c0000000, 0x00000006cf880000, 0x000000076ab00000)
  object space 254464K, 74% used [0x00000006c0000000,0x00000006cb914b60,0x00000006cf880000)
 Metaspace       used 6549K, capacity 7280K, committed 7552K, reserved 1056768K
  class space    used 596K, capacity 616K, committed 640K, reserved 1048576K

